<?xml version="1.0" encoding="UTF-8"?>
<testsuite xmlns:xsi="http://www.w3.org/2001/XMLSchema-instance" xsi:noNamespaceSchemaLocation="https://maven.apache.org/surefire/maven-surefire-plugin/xsd/surefire-test-report.xsd" name="mflix.api.daos.TimeoutsTest" time="6.401" tests="2" errors="2" skipped="0" failures="0">
  <properties>
    <property name="sun.desktop" value="windows"/>
    <property name="awt.toolkit" value="sun.awt.windows.WToolkit"/>
    <property name="file.encoding.pkg" value="sun.io"/>
    <property name="java.specification.version" value="1.8"/>
    <property name="sun.cpu.isalist" value="amd64"/>
    <property name="sun.jnu.encoding" value="Cp1252"/>
    <property name="java.class.path" value="D:\eclipse-workspace\mflix\target\test-classes;D:\eclipse-workspace\mflix\target\classes;C:\Users\aliena\.m2\repository\org\springframework\boot\spring-boot-starter-web\2.0.3.RELEASE\spring-boot-starter-web-2.0.3.RELEASE.jar;C:\Users\aliena\.m2\repository\org\springframework\boot\spring-boot-starter\2.0.3.RELEASE\spring-boot-starter-2.0.3.RELEASE.jar;C:\Users\aliena\.m2\repository\org\springframework\boot\spring-boot-starter-logging\2.0.3.RELEASE\spring-boot-starter-logging-2.0.3.RELEASE.jar;C:\Users\aliena\.m2\repository\ch\qos\logback\logback-classic\1.2.3\logback-classic-1.2.3.jar;C:\Users\aliena\.m2\repository\ch\qos\logback\logback-core\1.2.3\logback-core-1.2.3.jar;C:\Users\aliena\.m2\repository\org\apache\logging\log4j\log4j-to-slf4j\2.10.0\log4j-to-slf4j-2.10.0.jar;C:\Users\aliena\.m2\repository\org\apache\logging\log4j\log4j-api\2.10.0\log4j-api-2.10.0.jar;C:\Users\aliena\.m2\repository\org\slf4j\jul-to-slf4j\1.7.25\jul-to-slf4j-1.7.25.jar;C:\Users\aliena\.m2\repository\javax\annotation\javax.annotation-api\1.3.2\javax.annotation-api-1.3.2.jar;C:\Users\aliena\.m2\repository\org\yaml\snakeyaml\1.19\snakeyaml-1.19.jar;C:\Users\aliena\.m2\repository\org\springframework\boot\spring-boot-starter-json\2.0.3.RELEASE\spring-boot-starter-json-2.0.3.RELEASE.jar;C:\Users\aliena\.m2\repository\com\fasterxml\jackson\datatype\jackson-datatype-jdk8\2.9.6\jackson-datatype-jdk8-2.9.6.jar;C:\Users\aliena\.m2\repository\com\fasterxml\jackson\datatype\jackson-datatype-jsr310\2.9.6\jackson-datatype-jsr310-2.9.6.jar;C:\Users\aliena\.m2\repository\com\fasterxml\jackson\module\jackson-module-parameter-names\2.9.6\jackson-module-parameter-names-2.9.6.jar;C:\Users\aliena\.m2\repository\org\springframework\boot\spring-boot-starter-tomcat\2.0.3.RELEASE\spring-boot-starter-tomcat-2.0.3.RELEASE.jar;C:\Users\aliena\.m2\repository\org\apache\tomcat\embed\tomcat-embed-core\8.5.31\tomcat-embed-core-8.5.31.jar;C:\Users\aliena\.m2\repository\org\apache\tomcat\embed\tomcat-embed-el\8.5.31\tomcat-embed-el-8.5.31.jar;C:\Users\aliena\.m2\repository\org\apache\tomcat\embed\tomcat-embed-websocket\8.5.31\tomcat-embed-websocket-8.5.31.jar;C:\Users\aliena\.m2\repository\org\hibernate\validator\hibernate-validator\6.0.10.Final\hibernate-validator-6.0.10.Final.jar;C:\Users\aliena\.m2\repository\javax\validation\validation-api\2.0.1.Final\validation-api-2.0.1.Final.jar;C:\Users\aliena\.m2\repository\org\jboss\logging\jboss-logging\3.3.2.Final\jboss-logging-3.3.2.Final.jar;C:\Users\aliena\.m2\repository\com\fasterxml\classmate\1.3.4\classmate-1.3.4.jar;C:\Users\aliena\.m2\repository\org\springframework\spring-webmvc\5.0.7.RELEASE\spring-webmvc-5.0.7.RELEASE.jar;C:\Users\aliena\.m2\repository\org\springframework\boot\spring-boot-starter-test\2.0.3.RELEASE\spring-boot-starter-test-2.0.3.RELEASE.jar;C:\Users\aliena\.m2\repository\org\springframework\boot\spring-boot-test\2.0.3.RELEASE\spring-boot-test-2.0.3.RELEASE.jar;C:\Users\aliena\.m2\repository\org\springframework\boot\spring-boot-test-autoconfigure\2.0.3.RELEASE\spring-boot-test-autoconfigure-2.0.3.RELEASE.jar;C:\Users\aliena\.m2\repository\com\jayway\jsonpath\json-path\2.4.0\json-path-2.4.0.jar;C:\Users\aliena\.m2\repository\net\minidev\json-smart\2.3\json-smart-2.3.jar;C:\Users\aliena\.m2\repository\net\minidev\accessors-smart\1.2\accessors-smart-1.2.jar;C:\Users\aliena\.m2\repository\org\ow2\asm\asm\5.0.4\asm-5.0.4.jar;C:\Users\aliena\.m2\repository\org\slf4j\slf4j-api\1.7.25\slf4j-api-1.7.25.jar;C:\Users\aliena\.m2\repository\junit\junit\4.12\junit-4.12.jar;C:\Users\aliena\.m2\repository\org\assertj\assertj-core\3.9.1\assertj-core-3.9.1.jar;C:\Users\aliena\.m2\repository\org\mockito\mockito-core\2.15.0\mockito-core-2.15.0.jar;C:\Users\aliena\.m2\repository\net\bytebuddy\byte-buddy\1.7.9\byte-buddy-1.7.9.jar;C:\Users\aliena\.m2\repository\net\bytebuddy\byte-buddy-agent\1.7.9\byte-buddy-agent-1.7.9.jar;C:\Users\aliena\.m2\repository\org\objenesis\objenesis\2.6\objenesis-2.6.jar;C:\Users\aliena\.m2\repository\org\hamcrest\hamcrest-core\1.3\hamcrest-core-1.3.jar;C:\Users\aliena\.m2\repository\org\hamcrest\hamcrest-library\1.3\hamcrest-library-1.3.jar;C:\Users\aliena\.m2\repository\org\skyscreamer\jsonassert\1.5.0\jsonassert-1.5.0.jar;C:\Users\aliena\.m2\repository\com\vaadin\external\google\android-json\0.0.20131108.vaadin1\android-json-0.0.20131108.vaadin1.jar;C:\Users\aliena\.m2\repository\org\springframework\spring-test\5.0.7.RELEASE\spring-test-5.0.7.RELEASE.jar;C:\Users\aliena\.m2\repository\org\xmlunit\xmlunit-core\2.5.1\xmlunit-core-2.5.1.jar;C:\Users\aliena\.m2\repository\org\springframework\boot\spring-boot-starter-security\2.0.4.RELEASE\spring-boot-starter-security-2.0.4.RELEASE.jar;C:\Users\aliena\.m2\repository\org\springframework\spring-aop\5.0.8.RELEASE\spring-aop-5.0.8.RELEASE.jar;C:\Users\aliena\.m2\repository\org\springframework\security\spring-security-config\5.0.7.RELEASE\spring-security-config-5.0.7.RELEASE.jar;C:\Users\aliena\.m2\repository\org\springframework\security\spring-security-core\5.0.7.RELEASE\spring-security-core-5.0.7.RELEASE.jar;C:\Users\aliena\.m2\repository\org\springframework\security\spring-security-web\5.0.7.RELEASE\spring-security-web-5.0.7.RELEASE.jar;C:\Users\aliena\.m2\repository\org\springframework\boot\spring-boot\2.0.4.RELEASE\spring-boot-2.0.4.RELEASE.jar;C:\Users\aliena\.m2\repository\org\springframework\spring-context\5.0.7.RELEASE\spring-context-5.0.7.RELEASE.jar;C:\Users\aliena\.m2\repository\org\springframework\spring-beans\5.0.7.RELEASE\spring-beans-5.0.7.RELEASE.jar;C:\Users\aliena\.m2\repository\org\springframework\spring-expression\5.0.7.RELEASE\spring-expression-5.0.7.RELEASE.jar;C:\Users\aliena\.m2\repository\org\springframework\spring-core\5.0.7.RELEASE\spring-core-5.0.7.RELEASE.jar;C:\Users\aliena\.m2\repository\org\springframework\spring-jcl\5.0.7.RELEASE\spring-jcl-5.0.7.RELEASE.jar;C:\Users\aliena\.m2\repository\org\springframework\boot\spring-boot-autoconfigure\2.0.3.RELEASE\spring-boot-autoconfigure-2.0.3.RELEASE.jar;C:\Users\aliena\.m2\repository\org\springframework\spring-web\5.0.7.RELEASE\spring-web-5.0.7.RELEASE.jar;C:\Users\aliena\.m2\repository\io\jsonwebtoken\jjwt\0.9.1\jjwt-0.9.1.jar;C:\Users\aliena\.m2\repository\com\fasterxml\jackson\core\jackson-databind\2.9.6\jackson-databind-2.9.6.jar;C:\Users\aliena\.m2\repository\com\fasterxml\jackson\core\jackson-annotations\2.9.0\jackson-annotations-2.9.0.jar;C:\Users\aliena\.m2\repository\com\fasterxml\jackson\core\jackson-core\2.9.6\jackson-core-2.9.6.jar;C:\Users\aliena\.m2\repository\org\junit\jupiter\junit-jupiter-api\5.1.0\junit-jupiter-api-5.1.0.jar;C:\Users\aliena\.m2\repository\org\apiguardian\apiguardian-api\1.0.0\apiguardian-api-1.0.0.jar;C:\Users\aliena\.m2\repository\org\opentest4j\opentest4j\1.0.0\opentest4j-1.0.0.jar;C:\Users\aliena\.m2\repository\org\junit\platform\junit-platform-commons\1.1.0\junit-platform-commons-1.1.0.jar;C:\Users\aliena\.m2\repository\org\mongodb\mongodb-driver-sync\3.9.1\mongodb-driver-sync-3.9.1.jar;C:\Users\aliena\.m2\repository\org\mongodb\bson\3.9.1\bson-3.9.1.jar;C:\Users\aliena\.m2\repository\org\mongodb\mongodb-driver-core\3.9.1\mongodb-driver-core-3.9.1.jar;"/>
    <property name="java.vm.vendor" value="Oracle Corporation"/>
    <property name="sun.arch.data.model" value="64"/>
    <property name="user.variant" value=""/>
    <property name="java.vendor.url" value="http://java.oracle.com/"/>
    <property name="user.timezone" value="Europe/Belgrade"/>
    <property name="java.vm.specification.version" value="1.8"/>
    <property name="os.name" value="Windows 10"/>
    <property name="user.country" value="US"/>
    <property name="sun.java.launcher" value="SUN_STANDARD"/>
    <property name="sun.boot.library.path" value="C:\Program Files\Java\jdk1.8.0_231\jre\bin"/>
    <property name="sun.java.command" value="C:\Users\aliena\AppData\Local\Temp\surefire6287125253058869919\surefirebooter5521235937333890498.jar C:\Users\aliena\AppData\Local\Temp\surefire6287125253058869919 2021-11-19T10-39-27_491-jvmRun1 surefire2856783038049774708tmp surefire_04028684894674139841tmp"/>
    <property name="surefire.test.class.path" value="D:\eclipse-workspace\mflix\target\test-classes;D:\eclipse-workspace\mflix\target\classes;C:\Users\aliena\.m2\repository\org\springframework\boot\spring-boot-starter-web\2.0.3.RELEASE\spring-boot-starter-web-2.0.3.RELEASE.jar;C:\Users\aliena\.m2\repository\org\springframework\boot\spring-boot-starter\2.0.3.RELEASE\spring-boot-starter-2.0.3.RELEASE.jar;C:\Users\aliena\.m2\repository\org\springframework\boot\spring-boot-starter-logging\2.0.3.RELEASE\spring-boot-starter-logging-2.0.3.RELEASE.jar;C:\Users\aliena\.m2\repository\ch\qos\logback\logback-classic\1.2.3\logback-classic-1.2.3.jar;C:\Users\aliena\.m2\repository\ch\qos\logback\logback-core\1.2.3\logback-core-1.2.3.jar;C:\Users\aliena\.m2\repository\org\apache\logging\log4j\log4j-to-slf4j\2.10.0\log4j-to-slf4j-2.10.0.jar;C:\Users\aliena\.m2\repository\org\apache\logging\log4j\log4j-api\2.10.0\log4j-api-2.10.0.jar;C:\Users\aliena\.m2\repository\org\slf4j\jul-to-slf4j\1.7.25\jul-to-slf4j-1.7.25.jar;C:\Users\aliena\.m2\repository\javax\annotation\javax.annotation-api\1.3.2\javax.annotation-api-1.3.2.jar;C:\Users\aliena\.m2\repository\org\yaml\snakeyaml\1.19\snakeyaml-1.19.jar;C:\Users\aliena\.m2\repository\org\springframework\boot\spring-boot-starter-json\2.0.3.RELEASE\spring-boot-starter-json-2.0.3.RELEASE.jar;C:\Users\aliena\.m2\repository\com\fasterxml\jackson\datatype\jackson-datatype-jdk8\2.9.6\jackson-datatype-jdk8-2.9.6.jar;C:\Users\aliena\.m2\repository\com\fasterxml\jackson\datatype\jackson-datatype-jsr310\2.9.6\jackson-datatype-jsr310-2.9.6.jar;C:\Users\aliena\.m2\repository\com\fasterxml\jackson\module\jackson-module-parameter-names\2.9.6\jackson-module-parameter-names-2.9.6.jar;C:\Users\aliena\.m2\repository\org\springframework\boot\spring-boot-starter-tomcat\2.0.3.RELEASE\spring-boot-starter-tomcat-2.0.3.RELEASE.jar;C:\Users\aliena\.m2\repository\org\apache\tomcat\embed\tomcat-embed-core\8.5.31\tomcat-embed-core-8.5.31.jar;C:\Users\aliena\.m2\repository\org\apache\tomcat\embed\tomcat-embed-el\8.5.31\tomcat-embed-el-8.5.31.jar;C:\Users\aliena\.m2\repository\org\apache\tomcat\embed\tomcat-embed-websocket\8.5.31\tomcat-embed-websocket-8.5.31.jar;C:\Users\aliena\.m2\repository\org\hibernate\validator\hibernate-validator\6.0.10.Final\hibernate-validator-6.0.10.Final.jar;C:\Users\aliena\.m2\repository\javax\validation\validation-api\2.0.1.Final\validation-api-2.0.1.Final.jar;C:\Users\aliena\.m2\repository\org\jboss\logging\jboss-logging\3.3.2.Final\jboss-logging-3.3.2.Final.jar;C:\Users\aliena\.m2\repository\com\fasterxml\classmate\1.3.4\classmate-1.3.4.jar;C:\Users\aliena\.m2\repository\org\springframework\spring-webmvc\5.0.7.RELEASE\spring-webmvc-5.0.7.RELEASE.jar;C:\Users\aliena\.m2\repository\org\springframework\boot\spring-boot-starter-test\2.0.3.RELEASE\spring-boot-starter-test-2.0.3.RELEASE.jar;C:\Users\aliena\.m2\repository\org\springframework\boot\spring-boot-test\2.0.3.RELEASE\spring-boot-test-2.0.3.RELEASE.jar;C:\Users\aliena\.m2\repository\org\springframework\boot\spring-boot-test-autoconfigure\2.0.3.RELEASE\spring-boot-test-autoconfigure-2.0.3.RELEASE.jar;C:\Users\aliena\.m2\repository\com\jayway\jsonpath\json-path\2.4.0\json-path-2.4.0.jar;C:\Users\aliena\.m2\repository\net\minidev\json-smart\2.3\json-smart-2.3.jar;C:\Users\aliena\.m2\repository\net\minidev\accessors-smart\1.2\accessors-smart-1.2.jar;C:\Users\aliena\.m2\repository\org\ow2\asm\asm\5.0.4\asm-5.0.4.jar;C:\Users\aliena\.m2\repository\org\slf4j\slf4j-api\1.7.25\slf4j-api-1.7.25.jar;C:\Users\aliena\.m2\repository\junit\junit\4.12\junit-4.12.jar;C:\Users\aliena\.m2\repository\org\assertj\assertj-core\3.9.1\assertj-core-3.9.1.jar;C:\Users\aliena\.m2\repository\org\mockito\mockito-core\2.15.0\mockito-core-2.15.0.jar;C:\Users\aliena\.m2\repository\net\bytebuddy\byte-buddy\1.7.9\byte-buddy-1.7.9.jar;C:\Users\aliena\.m2\repository\net\bytebuddy\byte-buddy-agent\1.7.9\byte-buddy-agent-1.7.9.jar;C:\Users\aliena\.m2\repository\org\objenesis\objenesis\2.6\objenesis-2.6.jar;C:\Users\aliena\.m2\repository\org\hamcrest\hamcrest-core\1.3\hamcrest-core-1.3.jar;C:\Users\aliena\.m2\repository\org\hamcrest\hamcrest-library\1.3\hamcrest-library-1.3.jar;C:\Users\aliena\.m2\repository\org\skyscreamer\jsonassert\1.5.0\jsonassert-1.5.0.jar;C:\Users\aliena\.m2\repository\com\vaadin\external\google\android-json\0.0.20131108.vaadin1\android-json-0.0.20131108.vaadin1.jar;C:\Users\aliena\.m2\repository\org\springframework\spring-test\5.0.7.RELEASE\spring-test-5.0.7.RELEASE.jar;C:\Users\aliena\.m2\repository\org\xmlunit\xmlunit-core\2.5.1\xmlunit-core-2.5.1.jar;C:\Users\aliena\.m2\repository\org\springframework\boot\spring-boot-starter-security\2.0.4.RELEASE\spring-boot-starter-security-2.0.4.RELEASE.jar;C:\Users\aliena\.m2\repository\org\springframework\spring-aop\5.0.8.RELEASE\spring-aop-5.0.8.RELEASE.jar;C:\Users\aliena\.m2\repository\org\springframework\security\spring-security-config\5.0.7.RELEASE\spring-security-config-5.0.7.RELEASE.jar;C:\Users\aliena\.m2\repository\org\springframework\security\spring-security-core\5.0.7.RELEASE\spring-security-core-5.0.7.RELEASE.jar;C:\Users\aliena\.m2\repository\org\springframework\security\spring-security-web\5.0.7.RELEASE\spring-security-web-5.0.7.RELEASE.jar;C:\Users\aliena\.m2\repository\org\springframework\boot\spring-boot\2.0.4.RELEASE\spring-boot-2.0.4.RELEASE.jar;C:\Users\aliena\.m2\repository\org\springframework\spring-context\5.0.7.RELEASE\spring-context-5.0.7.RELEASE.jar;C:\Users\aliena\.m2\repository\org\springframework\spring-beans\5.0.7.RELEASE\spring-beans-5.0.7.RELEASE.jar;C:\Users\aliena\.m2\repository\org\springframework\spring-expression\5.0.7.RELEASE\spring-expression-5.0.7.RELEASE.jar;C:\Users\aliena\.m2\repository\org\springframework\spring-core\5.0.7.RELEASE\spring-core-5.0.7.RELEASE.jar;C:\Users\aliena\.m2\repository\org\springframework\spring-jcl\5.0.7.RELEASE\spring-jcl-5.0.7.RELEASE.jar;C:\Users\aliena\.m2\repository\org\springframework\boot\spring-boot-autoconfigure\2.0.3.RELEASE\spring-boot-autoconfigure-2.0.3.RELEASE.jar;C:\Users\aliena\.m2\repository\org\springframework\spring-web\5.0.7.RELEASE\spring-web-5.0.7.RELEASE.jar;C:\Users\aliena\.m2\repository\io\jsonwebtoken\jjwt\0.9.1\jjwt-0.9.1.jar;C:\Users\aliena\.m2\repository\com\fasterxml\jackson\core\jackson-databind\2.9.6\jackson-databind-2.9.6.jar;C:\Users\aliena\.m2\repository\com\fasterxml\jackson\core\jackson-annotations\2.9.0\jackson-annotations-2.9.0.jar;C:\Users\aliena\.m2\repository\com\fasterxml\jackson\core\jackson-core\2.9.6\jackson-core-2.9.6.jar;C:\Users\aliena\.m2\repository\org\junit\jupiter\junit-jupiter-api\5.1.0\junit-jupiter-api-5.1.0.jar;C:\Users\aliena\.m2\repository\org\apiguardian\apiguardian-api\1.0.0\apiguardian-api-1.0.0.jar;C:\Users\aliena\.m2\repository\org\opentest4j\opentest4j\1.0.0\opentest4j-1.0.0.jar;C:\Users\aliena\.m2\repository\org\junit\platform\junit-platform-commons\1.1.0\junit-platform-commons-1.1.0.jar;C:\Users\aliena\.m2\repository\org\mongodb\mongodb-driver-sync\3.9.1\mongodb-driver-sync-3.9.1.jar;C:\Users\aliena\.m2\repository\org\mongodb\bson\3.9.1\bson-3.9.1.jar;C:\Users\aliena\.m2\repository\org\mongodb\mongodb-driver-core\3.9.1\mongodb-driver-core-3.9.1.jar;"/>
    <property name="sun.cpu.endian" value="little"/>
    <property name="user.home" value="C:\Users\aliena"/>
    <property name="user.language" value="en"/>
    <property name="java.specification.vendor" value="Oracle Corporation"/>
    <property name="java.home" value="C:\Program Files\Java\jdk1.8.0_231\jre"/>
    <property name="basedir" value="D:\eclipse-workspace\mflix"/>
    <property name="file.separator" value="\"/>
    <property name="line.separator" value="&#10;"/>
    <property name="java.vm.specification.vendor" value="Oracle Corporation"/>
    <property name="java.specification.name" value="Java Platform API Specification"/>
    <property name="java.awt.graphicsenv" value="sun.awt.Win32GraphicsEnvironment"/>
    <property name="surefire.real.class.path" value="C:\Users\aliena\AppData\Local\Temp\surefire6287125253058869919\surefirebooter5521235937333890498.jar"/>
    <property name="sun.boot.class.path" value="C:\Program Files\Java\jdk1.8.0_231\jre\lib\resources.jar;C:\Program Files\Java\jdk1.8.0_231\jre\lib\rt.jar;C:\Program Files\Java\jdk1.8.0_231\jre\lib\sunrsasign.jar;C:\Program Files\Java\jdk1.8.0_231\jre\lib\jsse.jar;C:\Program Files\Java\jdk1.8.0_231\jre\lib\jce.jar;C:\Program Files\Java\jdk1.8.0_231\jre\lib\charsets.jar;C:\Program Files\Java\jdk1.8.0_231\jre\lib\jfr.jar;C:\Program Files\Java\jdk1.8.0_231\jre\classes"/>
    <property name="user.script" value=""/>
    <property name="sun.management.compiler" value="HotSpot 64-Bit Tiered Compilers"/>
    <property name="java.runtime.version" value="1.8.0_231-b11"/>
    <property name="user.name" value="aliena"/>
    <property name="path.separator" value=";"/>
    <property name="os.version" value="10.0"/>
    <property name="java.endorsed.dirs" value="C:\Program Files\Java\jdk1.8.0_231\jre\lib\endorsed"/>
    <property name="java.runtime.name" value="Java(TM) SE Runtime Environment"/>
    <property name="file.encoding" value="Cp1252"/>
    <property name="java.vm.name" value="Java HotSpot(TM) 64-Bit Server VM"/>
    <property name="localRepository" value="C:\Users\aliena\.m2\repository"/>
    <property name="java.vendor.url.bug" value="http://bugreport.sun.com/bugreport/"/>
    <property name="java.io.tmpdir" value="C:\Users\aliena\AppData\Local\Temp\"/>
    <property name="java.version" value="1.8.0_231"/>
    <property name="user.dir" value="D:\eclipse-workspace\mflix"/>
    <property name="os.arch" value="amd64"/>
    <property name="java.vm.specification.name" value="Java Virtual Machine Specification"/>
    <property name="java.awt.printerjob" value="sun.awt.windows.WPrinterJob"/>
    <property name="sun.os.patch.level" value=""/>
    <property name="java.library.path" value="C:\Program Files\Java\jdk1.8.0_231\jre\bin;C:\WINDOWS\Sun\Java\bin;C:\WINDOWS\system32;C:\WINDOWS;C:/Program Files/Java/jdk-13.0.1/bin/server;C:/Program Files/Java/jdk-13.0.1/bin;C:\Program Files\Docker\Docker\Resources\bin;C:\Program Files (x86)\Common Files\Oracle\Java\javapath;C:\WINDOWS\system32;C:\WINDOWS;C:\WINDOWS\System32\Wbem;C:\WINDOWS\System32\WindowsPowerShell\v1.0\;C:\WINDOWS\System32\OpenSSH\;C:\Program Files (x86)\Skype\Phone\;%JAVA_HOME%\bin;C:\Program Files (x86)\IDEMIA\AWP\Dlls;C:\Program Files\IDEMIA\AWP\Dlls;C:\Users\aliena\Documents\apache-maven-3.8.3\bin;C:\Gradle\gradle-7.2\bin;C:\Program Files\Git\cmd;%FSFLAT%;C:\Users\aliena\AppData\Roaming\nvm;C:\Program Files\nodejs;C:\Program Files\nodejs\;C:\Users\aliena\AppData\Local\Microsoft\WindowsApps;C:\Users\aliena\AppData\Local\GitHubDesktop\bin;C:\Program Files\Docker Toolbox;C:\Users\aliena\AppData\Local\Microsoft\WindowsApps;C:\Users\aliena\AppData\Local\Programs\Fiddler;C:\Users\aliena\AppData\Roaming\nvm;C:\Program Files\nodejs;C:\Users\aliena\AppData\Roaming\npm;C:\Users\aliena\AppData\Local\Programs\Microsoft VS Code\bin;C:\Users\aliena\eclipse\jee-2021-03\eclipse;;."/>
    <property name="java.vm.info" value="mixed mode"/>
    <property name="java.vendor" value="Oracle Corporation"/>
    <property name="java.vm.version" value="25.231-b11"/>
    <property name="java.ext.dirs" value="C:\Program Files\Java\jdk1.8.0_231\jre\lib\ext;C:\WINDOWS\Sun\Java\lib\ext"/>
    <property name="sun.io.unicode.encoding" value="UnicodeLittle"/>
    <property name="java.class.version" value="52.0"/>
  </properties>
  <testcase name="testConfiguredConnectionTimeoutMs" classname="mflix.api.daos.TimeoutsTest" time="0.249">
    <error type="java.lang.NullPointerException">java.lang.NullPointerException
	at mflix.api.daos.TimeoutsTest.testConfiguredConnectionTimeoutMs(TimeoutsTest.java:58)
</error>
    <system-out><![CDATA[2021-11-19 10:41:14.399  INFO 1260 --- [           main] .b.t.c.SpringBootTestContextBootstrapper : Neither @ContextConfiguration nor @ContextHierarchy found for test class [mflix.api.daos.TimeoutsTest], using SpringBootContextLoader
2021-11-19 10:41:14.401  INFO 1260 --- [           main] o.s.t.c.support.AbstractContextLoader    : Could not detect default resource locations for test class [mflix.api.daos.TimeoutsTest]: no resource found for suffixes {-context.xml, Context.groovy}.
2021-11-19 10:41:14.406  INFO 1260 --- [           main] .b.t.c.SpringBootTestContextBootstrapper : Loaded default TestExecutionListener class names from location [META-INF/spring.factories]: [org.springframework.boot.test.mock.mockito.MockitoTestExecutionListener, org.springframework.boot.test.mock.mockito.ResetMocksTestExecutionListener, org.springframework.boot.test.autoconfigure.restdocs.RestDocsTestExecutionListener, org.springframework.boot.test.autoconfigure.web.client.MockRestServiceServerResetTestExecutionListener, org.springframework.boot.test.autoconfigure.web.servlet.MockMvcPrintOnlyOnFailureTestExecutionListener, org.springframework.boot.test.autoconfigure.web.servlet.WebDriverTestExecutionListener, org.springframework.test.context.web.ServletTestExecutionListener, org.springframework.test.context.support.DirtiesContextBeforeModesTestExecutionListener, org.springframework.test.context.support.DependencyInjectionTestExecutionListener, org.springframework.test.context.support.DirtiesContextTestExecutionListener, org.springframework.test.context.transaction.TransactionalTestExecutionListener, org.springframework.test.context.jdbc.SqlScriptsTestExecutionListener]
2021-11-19 10:41:14.408  INFO 1260 --- [           main] .b.t.c.SpringBootTestContextBootstrapper : Using TestExecutionListeners: [org.springframework.test.context.web.ServletTestExecutionListener@2b680207, org.springframework.test.context.support.DirtiesContextBeforeModesTestExecutionListener@70887727, org.springframework.boot.test.mock.mockito.MockitoTestExecutionListener@56da7487, org.springframework.boot.test.autoconfigure.SpringBootDependencyInjectionTestExecutionListener@599e4d41, org.springframework.test.context.support.DirtiesContextTestExecutionListener@328d044f, org.springframework.boot.test.mock.mockito.ResetMocksTestExecutionListener@10f7c76, org.springframework.boot.test.autoconfigure.restdocs.RestDocsTestExecutionListener@4745e9c, org.springframework.boot.test.autoconfigure.web.client.MockRestServiceServerResetTestExecutionListener@2f2bff16, org.springframework.boot.test.autoconfigure.web.servlet.MockMvcPrintOnlyOnFailureTestExecutionListener@75de29c0, org.springframework.boot.test.autoconfigure.web.servlet.WebDriverTestExecutionListener@fc807c1]

  .   ____          _            __ _ _
 /\\ / ___'_ __ _ _(_)_ __  __ _ \ \ \ \
( ( )\___ | '_ | '_| | '_ \/ _` | \ \ \ \
 \\/  ___)| |_)| | | | | || (_| |  ) ) ) )
  '  |____| .__|_| |_|_| |_\__, | / / / /
 =========|_|==============|___/=/_/_/_/
 :: Spring Boot ::        (v2.0.4.RELEASE)

2021-11-19 10:41:14.532  INFO 1260 --- [           main] mflix.api.daos.TimeoutsTest              : Starting TimeoutsTest on aliena-Komp with PID 1260 (started by aliena in D:\eclipse-workspace\mflix)
2021-11-19 10:41:14.687  INFO 1260 --- [           main] mflix.api.daos.TimeoutsTest              : No active profile set, falling back to default profiles: default
2021-11-19 10:41:14.728  INFO 1260 --- [           main] o.s.w.c.s.GenericWebApplicationContext   : Refreshing org.springframework.web.context.support.GenericWebApplicationContext@434514d8: startup date [Fri Nov 19 10:41:14 CET 2021]; root of context hierarchy
2021-11-19 10:41:15.807  INFO 1260 --- [ngodb.net:27017] org.mongodb.driver.cluster               : Monitor thread successfully connected to server with description ServerDescription{address=mflix-shard-00-00.lv23k.mongodb.net:27017, type=REPLICA_SET_SECONDARY, state=CONNECTED, ok=true, version=ServerVersion{versionList=[4, 4, 10]}, minWireVersion=0, maxWireVersion=9, maxDocumentSize=16777216, logicalSessionTimeoutMinutes=30, roundTripTimeNanos=233598459, setName='atlas-jkyinw-shard-0', canonicalAddress=mflix-shard-00-00.lv23k.mongodb.net:27017, hosts=[mflix-shard-00-00.lv23k.mongodb.net:27017, mflix-shard-00-01.lv23k.mongodb.net:27017, mflix-shard-00-02.lv23k.mongodb.net:27017], passives=[], arbiters=[], primary='mflix-shard-00-02.lv23k.mongodb.net:27017', tagSet=TagSet{[Tag{name='provider', value='AWS'}, Tag{name='workloadType', value='OPERATIONAL'}, Tag{name='nodeType', value='ELECTABLE'}, Tag{name='region', value='EU_CENTRAL_1'}]}, electionId=null, setVersion=6, lastWriteDate=Fri Nov 19 10:41:17 CET 2021, lastUpdateTimeNanos=423667816174800}
2021-11-19 10:41:16.151  INFO 1260 --- [ngodb.net:27017] org.mongodb.driver.cluster               : Monitor thread successfully connected to server with description ServerDescription{address=mflix-shard-00-02.lv23k.mongodb.net:27017, type=REPLICA_SET_PRIMARY, state=CONNECTED, ok=true, version=ServerVersion{versionList=[4, 4, 10]}, minWireVersion=0, maxWireVersion=9, maxDocumentSize=16777216, logicalSessionTimeoutMinutes=30, roundTripTimeNanos=277123126, setName='atlas-jkyinw-shard-0', canonicalAddress=mflix-shard-00-02.lv23k.mongodb.net:27017, hosts=[mflix-shard-00-00.lv23k.mongodb.net:27017, mflix-shard-00-01.lv23k.mongodb.net:27017, mflix-shard-00-02.lv23k.mongodb.net:27017], passives=[], arbiters=[], primary='mflix-shard-00-02.lv23k.mongodb.net:27017', tagSet=TagSet{[Tag{name='provider', value='AWS'}, Tag{name='nodeType', value='ELECTABLE'}, Tag{name='region', value='EU_CENTRAL_1'}, Tag{name='workloadType', value='OPERATIONAL'}]}, electionId=7fffffff0000000000000085, setVersion=6, lastWriteDate=Fri Nov 19 10:41:17 CET 2021, lastUpdateTimeNanos=423668160480800}
2021-11-19 10:41:16.362  INFO 1260 --- [           main] org.mongodb.driver.cluster               : Cluster created with settings {hosts=[mflix-shard-00-01.lv23k.mongodb.net:27017, mflix-shard-00-00.lv23k.mongodb.net:27017, mflix-shard-00-02.lv23k.mongodb.net:27017], mode=MULTIPLE, requiredClusterType=REPLICA_SET, serverSelectionTimeout='30000 ms', maxWaitQueueSize=500, requiredReplicaSetName='atlas-jkyinw-shard-0'}
2021-11-19 10:41:16.362  INFO 1260 --- [           main] org.mongodb.driver.cluster               : Adding discovered server mflix-shard-00-01.lv23k.mongodb.net:27017 to client view of cluster
2021-11-19 10:41:16.363  INFO 1260 --- [           main] org.mongodb.driver.cluster               : Adding discovered server mflix-shard-00-00.lv23k.mongodb.net:27017 to client view of cluster
2021-11-19 10:41:16.367  INFO 1260 --- [           main] org.mongodb.driver.cluster               : Adding discovered server mflix-shard-00-02.lv23k.mongodb.net:27017 to client view of cluster
2021-11-19 10:41:17.074  INFO 1260 --- [           main] o.s.w.s.handler.SimpleUrlHandlerMapping  : Mapped URL path [/**/favicon.ico] onto handler of type [class org.springframework.web.servlet.resource.ResourceHttpRequestHandler]
2021-11-19 10:41:17.254  INFO 1260 --- [ngodb.net:27017] org.mongodb.driver.connection            : Opened connection [connectionId{localValue:21, serverValue:629}] to mflix-shard-00-01.lv23k.mongodb.net:27017
2021-11-19 10:41:17.328  INFO 1260 --- [ngodb.net:27017] org.mongodb.driver.cluster               : Monitor thread successfully connected to server with description ServerDescription{address=mflix-shard-00-02.lv23k.mongodb.net:27017, type=REPLICA_SET_PRIMARY, state=CONNECTED, ok=true, version=ServerVersion{versionList=[4, 4, 10]}, minWireVersion=0, maxWireVersion=9, maxDocumentSize=16777216, logicalSessionTimeoutMinutes=30, roundTripTimeNanos=324445369, setName='atlas-jkyinw-shard-0', canonicalAddress=mflix-shard-00-02.lv23k.mongodb.net:27017, hosts=[mflix-shard-00-00.lv23k.mongodb.net:27017, mflix-shard-00-01.lv23k.mongodb.net:27017, mflix-shard-00-02.lv23k.mongodb.net:27017], passives=[], arbiters=[], primary='mflix-shard-00-02.lv23k.mongodb.net:27017', tagSet=TagSet{[Tag{name='region', value='EU_CENTRAL_1'}, Tag{name='workloadType', value='OPERATIONAL'}, Tag{name='provider', value='AWS'}, Tag{name='nodeType', value='ELECTABLE'}]}, electionId=7fffffff0000000000000085, setVersion=6, lastWriteDate=Fri Nov 19 10:41:18 CET 2021, lastUpdateTimeNanos=423669337580000}
2021-11-19 10:41:17.374  INFO 1260 --- [ngodb.net:27017] org.mongodb.driver.cluster               : Monitor thread successfully connected to server with description ServerDescription{address=mflix-shard-00-01.lv23k.mongodb.net:27017, type=REPLICA_SET_SECONDARY, state=CONNECTED, ok=true, version=ServerVersion{versionList=[4, 4, 10]}, minWireVersion=0, maxWireVersion=9, maxDocumentSize=16777216, logicalSessionTimeoutMinutes=30, roundTripTimeNanos=120043600, setName='atlas-jkyinw-shard-0', canonicalAddress=mflix-shard-00-01.lv23k.mongodb.net:27017, hosts=[mflix-shard-00-00.lv23k.mongodb.net:27017, mflix-shard-00-01.lv23k.mongodb.net:27017, mflix-shard-00-02.lv23k.mongodb.net:27017], passives=[], arbiters=[], primary='mflix-shard-00-02.lv23k.mongodb.net:27017', tagSet=TagSet{[Tag{name='nodeType', value='ELECTABLE'}, Tag{name='region', value='EU_CENTRAL_1'}, Tag{name='provider', value='AWS'}, Tag{name='workloadType', value='OPERATIONAL'}]}, electionId=null, setVersion=6, lastWriteDate=Fri Nov 19 10:41:18 CET 2021, lastUpdateTimeNanos=423669383454400}
2021-11-19 10:41:17.713  INFO 1260 --- [ngodb.net:27017] org.mongodb.driver.cluster               : Monitor thread successfully connected to server with description ServerDescription{address=mflix-shard-00-01.lv23k.mongodb.net:27017, type=REPLICA_SET_SECONDARY, state=CONNECTED, ok=true, version=ServerVersion{versionList=[4, 4, 10]}, minWireVersion=0, maxWireVersion=9, maxDocumentSize=16777216, logicalSessionTimeoutMinutes=30, roundTripTimeNanos=398638838, setName='atlas-jkyinw-shard-0', canonicalAddress=mflix-shard-00-01.lv23k.mongodb.net:27017, hosts=[mflix-shard-00-00.lv23k.mongodb.net:27017, mflix-shard-00-01.lv23k.mongodb.net:27017, mflix-shard-00-02.lv23k.mongodb.net:27017], passives=[], arbiters=[], primary='mflix-shard-00-02.lv23k.mongodb.net:27017', tagSet=TagSet{[Tag{name='nodeType', value='ELECTABLE'}, Tag{name='region', value='EU_CENTRAL_1'}, Tag{name='provider', value='AWS'}, Tag{name='workloadType', value='OPERATIONAL'}]}, electionId=null, setVersion=6, lastWriteDate=Fri Nov 19 10:41:18 CET 2021, lastUpdateTimeNanos=423669721846300}
2021-11-19 10:41:17.738  INFO 1260 --- [ngodb.net:27017] org.mongodb.driver.connection            : Opened connection [connectionId{localValue:22, serverValue:1034}] to mflix-shard-00-00.lv23k.mongodb.net:27017
2021-11-19 10:41:17.811  INFO 1260 --- [ngodb.net:27017] org.mongodb.driver.cluster               : Monitor thread successfully connected to server with description ServerDescription{address=mflix-shard-00-01.lv23k.mongodb.net:27017, type=REPLICA_SET_SECONDARY, state=CONNECTED, ok=true, version=ServerVersion{versionList=[4, 4, 10]}, minWireVersion=0, maxWireVersion=9, maxDocumentSize=16777216, logicalSessionTimeoutMinutes=30, roundTripTimeNanos=335517696, setName='atlas-jkyinw-shard-0', canonicalAddress=mflix-shard-00-01.lv23k.mongodb.net:27017, hosts=[mflix-shard-00-00.lv23k.mongodb.net:27017, mflix-shard-00-01.lv23k.mongodb.net:27017, mflix-shard-00-02.lv23k.mongodb.net:27017], passives=[], arbiters=[], primary='mflix-shard-00-02.lv23k.mongodb.net:27017', tagSet=TagSet{[Tag{name='nodeType', value='ELECTABLE'}, Tag{name='region', value='EU_CENTRAL_1'}, Tag{name='provider', value='AWS'}, Tag{name='workloadType', value='OPERATIONAL'}]}, electionId=null, setVersion=6, lastWriteDate=Fri Nov 19 10:41:19 CET 2021, lastUpdateTimeNanos=423669819813400}
2021-11-19 10:41:17.811  INFO 1260 --- [ngodb.net:27017] org.mongodb.driver.connection            : Opened connection [connectionId{localValue:23, serverValue:895}] to mflix-shard-00-02.lv23k.mongodb.net:27017
2021-11-19 10:41:18.045  INFO 1260 --- [ngodb.net:27017] org.mongodb.driver.cluster               : Monitor thread successfully connected to server with description ServerDescription{address=mflix-shard-00-01.lv23k.mongodb.net:27017, type=REPLICA_SET_SECONDARY, state=CONNECTED, ok=true, version=ServerVersion{versionList=[4, 4, 10]}, minWireVersion=0, maxWireVersion=9, maxDocumentSize=16777216, logicalSessionTimeoutMinutes=30, roundTripTimeNanos=258801317, setName='atlas-jkyinw-shard-0', canonicalAddress=mflix-shard-00-01.lv23k.mongodb.net:27017, hosts=[mflix-shard-00-00.lv23k.mongodb.net:27017, mflix-shard-00-01.lv23k.mongodb.net:27017, mflix-shard-00-02.lv23k.mongodb.net:27017], passives=[], arbiters=[], primary='mflix-shard-00-02.lv23k.mongodb.net:27017', tagSet=TagSet{[Tag{name='nodeType', value='ELECTABLE'}, Tag{name='region', value='EU_CENTRAL_1'}, Tag{name='provider', value='AWS'}, Tag{name='workloadType', value='OPERATIONAL'}]}, electionId=null, setVersion=6, lastWriteDate=Fri Nov 19 10:41:19 CET 2021, lastUpdateTimeNanos=423670053656600}
2021-11-19 10:41:18.134  INFO 1260 --- [ngodb.net:27017] org.mongodb.driver.cluster               : Monitor thread successfully connected to server with description ServerDescription{address=mflix-shard-00-02.lv23k.mongodb.net:27017, type=REPLICA_SET_PRIMARY, state=CONNECTED, ok=true, version=ServerVersion{versionList=[4, 4, 10]}, minWireVersion=0, maxWireVersion=9, maxDocumentSize=16777216, logicalSessionTimeoutMinutes=30, roundTripTimeNanos=319331300, setName='atlas-jkyinw-shard-0', canonicalAddress=mflix-shard-00-02.lv23k.mongodb.net:27017, hosts=[mflix-shard-00-00.lv23k.mongodb.net:27017, mflix-shard-00-01.lv23k.mongodb.net:27017, mflix-shard-00-02.lv23k.mongodb.net:27017], passives=[], arbiters=[], primary='mflix-shard-00-02.lv23k.mongodb.net:27017', tagSet=TagSet{[Tag{name='provider', value='AWS'}, Tag{name='region', value='EU_CENTRAL_1'}, Tag{name='workloadType', value='OPERATIONAL'}, Tag{name='nodeType', value='ELECTABLE'}]}, electionId=7fffffff0000000000000085, setVersion=6, lastWriteDate=Fri Nov 19 10:41:19 CET 2021, lastUpdateTimeNanos=423670142751500}
2021-11-19 10:41:18.134  INFO 1260 --- [ngodb.net:27017] org.mongodb.driver.cluster               : Setting max election id to 7fffffff0000000000000085 from replica set primary mflix-shard-00-02.lv23k.mongodb.net:27017
2021-11-19 10:41:18.134  INFO 1260 --- [ngodb.net:27017] org.mongodb.driver.cluster               : Setting max set version to 6 from replica set primary mflix-shard-00-02.lv23k.mongodb.net:27017
2021-11-19 10:41:18.135  INFO 1260 --- [ngodb.net:27017] org.mongodb.driver.cluster               : Discovered replica set primary mflix-shard-00-02.lv23k.mongodb.net:27017
2021-11-19 10:41:18.241  INFO 1260 --- [ngodb.net:27017] org.mongodb.driver.cluster               : Monitor thread successfully connected to server with description ServerDescription{address=mflix-shard-00-00.lv23k.mongodb.net:27017, type=REPLICA_SET_SECONDARY, state=CONNECTED, ok=true, version=ServerVersion{versionList=[4, 4, 10]}, minWireVersion=0, maxWireVersion=9, maxDocumentSize=16777216, logicalSessionTimeoutMinutes=30, roundTripTimeNanos=293209414, setName='atlas-jkyinw-shard-0', canonicalAddress=mflix-shard-00-00.lv23k.mongodb.net:27017, hosts=[mflix-shard-00-00.lv23k.mongodb.net:27017, mflix-shard-00-01.lv23k.mongodb.net:27017, mflix-shard-00-02.lv23k.mongodb.net:27017], passives=[], arbiters=[], primary='mflix-shard-00-02.lv23k.mongodb.net:27017', tagSet=TagSet{[Tag{name='provider', value='AWS'}, Tag{name='workloadType', value='OPERATIONAL'}, Tag{name='nodeType', value='ELECTABLE'}, Tag{name='region', value='EU_CENTRAL_1'}]}, electionId=null, setVersion=6, lastWriteDate=Fri Nov 19 10:41:19 CET 2021, lastUpdateTimeNanos=423670250207200}
2021-11-19 10:41:18.248  INFO 1260 --- [ngodb.net:27017] org.mongodb.driver.cluster               : Monitor thread successfully connected to server with description ServerDescription{address=mflix-shard-00-00.lv23k.mongodb.net:27017, type=REPLICA_SET_SECONDARY, state=CONNECTED, ok=true, version=ServerVersion{versionList=[4, 4, 10]}, minWireVersion=0, maxWireVersion=9, maxDocumentSize=16777216, logicalSessionTimeoutMinutes=30, roundTripTimeNanos=509114700, setName='atlas-jkyinw-shard-0', canonicalAddress=mflix-shard-00-00.lv23k.mongodb.net:27017, hosts=[mflix-shard-00-00.lv23k.mongodb.net:27017, mflix-shard-00-01.lv23k.mongodb.net:27017, mflix-shard-00-02.lv23k.mongodb.net:27017], passives=[], arbiters=[], primary='mflix-shard-00-02.lv23k.mongodb.net:27017', tagSet=TagSet{[Tag{name='provider', value='AWS'}, Tag{name='workloadType', value='OPERATIONAL'}, Tag{name='nodeType', value='ELECTABLE'}, Tag{name='region', value='EU_CENTRAL_1'}]}, electionId=null, setVersion=6, lastWriteDate=Fri Nov 19 10:41:19 CET 2021, lastUpdateTimeNanos=423670256948200}
2021-11-19 10:41:18.593  INFO 1260 --- [           main] s.w.s.m.m.a.RequestMappingHandlerAdapter : Looking for @ControllerAdvice: org.springframework.web.context.support.GenericWebApplicationContext@434514d8: startup date [Fri Nov 19 10:41:14 CET 2021]; root of context hierarchy
2021-11-19 10:41:18.749  INFO 1260 --- [           main] s.w.s.m.m.a.RequestMappingHandlerMapping : Mapped "{[/error]}" onto public org.springframework.http.ResponseEntity<java.util.Map<java.lang.String, java.lang.Object>> org.springframework.boot.autoconfigure.web.servlet.error.BasicErrorController.error(javax.servlet.http.HttpServletRequest)
2021-11-19 10:41:18.779  INFO 1260 --- [           main] s.w.s.m.m.a.RequestMappingHandlerMapping : Mapped "{[/error],produces=[text/html]}" onto public org.springframework.web.servlet.ModelAndView org.springframework.boot.autoconfigure.web.servlet.error.BasicErrorController.errorHtml(javax.servlet.http.HttpServletRequest,javax.servlet.http.HttpServletResponse)
2021-11-19 10:41:18.983  INFO 1260 --- [           main] o.s.w.s.handler.SimpleUrlHandlerMapping  : Mapped URL path [/webjars/**] onto handler of type [class org.springframework.web.servlet.resource.ResourceHttpRequestHandler]
2021-11-19 10:41:19.001  INFO 1260 --- [           main] o.s.w.s.handler.SimpleUrlHandlerMapping  : Mapped URL path [/**] onto handler of type [class org.springframework.web.servlet.resource.ResourceHttpRequestHandler]
2021-11-19 10:41:19.164  INFO 1260 --- [           main] o.s.b.a.w.s.WelcomePageHandlerMapping    : Adding welcome page: class path resource [build/index.html]
2021-11-19 10:41:19.585  INFO 1260 --- [           main] .s.s.UserDetailsServiceAutoConfiguration : 

Using generated security password: 3314fd6e-f2a8-4677-98ab-557a0bcb6e59

2021-11-19 10:41:19.827  INFO 1260 --- [ngodb.net:27017] org.mongodb.driver.cluster               : Monitor thread successfully connected to server with description ServerDescription{address=mflix-shard-00-01.lv23k.mongodb.net:27017, type=REPLICA_SET_SECONDARY, state=CONNECTED, ok=true, version=ServerVersion{versionList=[4, 4, 10]}, minWireVersion=0, maxWireVersion=9, maxDocumentSize=16777216, logicalSessionTimeoutMinutes=30, roundTripTimeNanos=266435174, setName='atlas-jkyinw-shard-0', canonicalAddress=mflix-shard-00-01.lv23k.mongodb.net:27017, hosts=[mflix-shard-00-00.lv23k.mongodb.net:27017, mflix-shard-00-01.lv23k.mongodb.net:27017, mflix-shard-00-02.lv23k.mongodb.net:27017], passives=[], arbiters=[], primary='mflix-shard-00-02.lv23k.mongodb.net:27017', tagSet=TagSet{[Tag{name='nodeType', value='ELECTABLE'}, Tag{name='region', value='EU_CENTRAL_1'}, Tag{name='provider', value='AWS'}, Tag{name='workloadType', value='OPERATIONAL'}]}, electionId=null, setVersion=6, lastWriteDate=Fri Nov 19 10:41:21 CET 2021, lastUpdateTimeNanos=423671835727500}
2021-11-19 10:41:19.935  INFO 1260 --- [ngodb.net:27017] org.mongodb.driver.cluster               : Monitor thread successfully connected to server with description ServerDescription{address=mflix-shard-00-00.lv23k.mongodb.net:27017, type=REPLICA_SET_SECONDARY, state=CONNECTED, ok=true, version=ServerVersion{versionList=[4, 4, 10]}, minWireVersion=0, maxWireVersion=9, maxDocumentSize=16777216, logicalSessionTimeoutMinutes=30, roundTripTimeNanos=274563850, setName='atlas-jkyinw-shard-0', canonicalAddress=mflix-shard-00-00.lv23k.mongodb.net:27017, hosts=[mflix-shard-00-00.lv23k.mongodb.net:27017, mflix-shard-00-01.lv23k.mongodb.net:27017, mflix-shard-00-02.lv23k.mongodb.net:27017], passives=[], arbiters=[], primary='mflix-shard-00-02.lv23k.mongodb.net:27017', tagSet=TagSet{[Tag{name='provider', value='AWS'}, Tag{name='workloadType', value='OPERATIONAL'}, Tag{name='nodeType', value='ELECTABLE'}, Tag{name='region', value='EU_CENTRAL_1'}]}, electionId=null, setVersion=6, lastWriteDate=Fri Nov 19 10:41:21 CET 2021, lastUpdateTimeNanos=423671943996300}
2021-11-19 10:41:20.001  INFO 1260 --- [           main] o.s.s.web.DefaultSecurityFilterChain     : Creating filter chain: org.springframework.security.web.util.matcher.AnyRequestMatcher@1, [org.springframework.security.web.context.request.async.WebAsyncManagerIntegrationFilter@61ab89b0, org.springframework.security.web.context.SecurityContextPersistenceFilter@1cdc1bbc, org.springframework.security.web.header.HeaderWriterFilter@630b6190, org.springframework.security.web.csrf.CsrfFilter@5922d3e9, org.springframework.security.web.authentication.logout.LogoutFilter@39e69ea7, org.springframework.security.web.authentication.UsernamePasswordAuthenticationFilter@4779aae6, org.springframework.security.web.authentication.ui.DefaultLoginPageGeneratingFilter@459b6c53, org.springframework.security.web.authentication.www.BasicAuthenticationFilter@2cd62003, org.springframework.security.web.savedrequest.RequestCacheAwareFilter@5f95f1e1, org.springframework.security.web.servletapi.SecurityContextHolderAwareRequestFilter@672a1c62, org.springframework.security.web.authentication.AnonymousAuthenticationFilter@5478ce1e, org.springframework.security.web.session.SessionManagementFilter@532e27ab, org.springframework.security.web.access.ExceptionTranslationFilter@7d57dbb5, org.springframework.security.web.access.intercept.FilterSecurityInterceptor@6d0b0da6]
2021-11-19 10:41:20.314  INFO 1260 --- [           main] mflix.api.daos.TimeoutsTest              : Started TimeoutsTest in 5.901 seconds (JVM running for 109.743)
2021-11-19 10:41:20.436  INFO 1260 --- [           main] org.mongodb.driver.cluster               : Cluster created with settings {hosts=[mflix-shard-00-02.lv23k.mongodb.net:27017, mflix-shard-00-00.lv23k.mongodb.net:27017, mflix-shard-00-01.lv23k.mongodb.net:27017], mode=MULTIPLE, requiredClusterType=REPLICA_SET, serverSelectionTimeout='30000 ms', maxWaitQueueSize=500, requiredReplicaSetName='atlas-jkyinw-shard-0'}
2021-11-19 10:41:20.437  INFO 1260 --- [           main] org.mongodb.driver.cluster               : Adding discovered server mflix-shard-00-02.lv23k.mongodb.net:27017 to client view of cluster
2021-11-19 10:41:20.438  INFO 1260 --- [           main] org.mongodb.driver.cluster               : Adding discovered server mflix-shard-00-00.lv23k.mongodb.net:27017 to client view of cluster
2021-11-19 10:41:20.439  INFO 1260 --- [           main] org.mongodb.driver.cluster               : Adding discovered server mflix-shard-00-01.lv23k.mongodb.net:27017 to client view of cluster
]]></system-out>
  </testcase>
  <testcase name="testConfiguredWtimeout" classname="mflix.api.daos.TimeoutsTest" time="0.258">
    <error type="java.lang.NullPointerException">java.lang.NullPointerException
	at mflix.api.daos.TimeoutsTest.testConfiguredWtimeout(TimeoutsTest.java:49)
</error>
    <system-out><![CDATA[2021-11-19 10:41:20.716  INFO 1260 --- [           main] org.mongodb.driver.cluster               : Cluster created with settings {hosts=[mflix-shard-00-02.lv23k.mongodb.net:27017, mflix-shard-00-00.lv23k.mongodb.net:27017, mflix-shard-00-01.lv23k.mongodb.net:27017], mode=MULTIPLE, requiredClusterType=REPLICA_SET, serverSelectionTimeout='30000 ms', maxWaitQueueSize=500, requiredReplicaSetName='atlas-jkyinw-shard-0'}
2021-11-19 10:41:20.716  INFO 1260 --- [           main] org.mongodb.driver.cluster               : Adding discovered server mflix-shard-00-02.lv23k.mongodb.net:27017 to client view of cluster
2021-11-19 10:41:20.717  INFO 1260 --- [           main] org.mongodb.driver.cluster               : Adding discovered server mflix-shard-00-00.lv23k.mongodb.net:27017 to client view of cluster
2021-11-19 10:41:20.718  INFO 1260 --- [           main] org.mongodb.driver.cluster               : Adding discovered server mflix-shard-00-01.lv23k.mongodb.net:27017 to client view of cluster
]]></system-out>
  </testcase>
</testsuite>